<?xml version="1.0" encoding="UTF-8"?>
<testng-results ignored="0" total="3" passed="3" failed="0" skipped="0">
  <reporter-output>
  </reporter-output>
  <suite started-at="2022-09-05T09:17:55 IST" name="AllTests" finished-at="2022-09-05T09:18:14 IST" duration-ms="19046">
    <groups>
    </groups>
    <test started-at="2022-09-05T09:17:55 IST" name="C:/Raman_Dell/SeleniumWorkshop/SeleniumWorkhop1" finished-at="2022-09-05T09:18:14 IST" duration-ms="19046">
      <class name="com.tekparams.actiondriver.ActonDriver">
        <test-method signature="openApplication()[pri:0, instance:com.tekparams.actiondriver.ActonDriver@2d52216b]" started-at="2022-09-05T09:17:55 IST" name="openApplication" finished-at="2022-09-05T09:18:11 IST" duration-ms="15413" status="PASS">
          <reporter-output>
          </reporter-output>
        </test-method> <!-- openApplication -->
        <test-method signature="loginToApplication()[pri:0, instance:com.tekparams.actiondriver.ActonDriver@2d52216b]" started-at="2022-09-05T09:18:11 IST" name="loginToApplication" finished-at="2022-09-05T09:18:14 IST" duration-ms="3279" status="PASS">
          <reporter-output>
          </reporter-output>
        </test-method> <!-- loginToApplication -->
        <test-method signature="closeApplication()[pri:0, instance:com.tekparams.actiondriver.ActonDriver@2d52216b]" started-at="2022-09-05T09:18:14 IST" name="closeApplication" finished-at="2022-09-05T09:18:14 IST" duration-ms="303" status="PASS">
          <reporter-output>
          </reporter-output>
        </test-method> <!-- closeApplication -->
      </class> <!-- com.tekparams.actiondriver.ActonDriver -->
    </test> <!-- C:/Raman_Dell/SeleniumWorkshop/SeleniumWorkhop1 -->
  </suite> <!-- AllTests -->
</testng-results>
